<?xml version="1.0" encoding="UTF-8"?>
<!-- Generated by org.testng.reporters.JUnitXMLReporter -->
<testsuite hostname="hp" ignored="0" name="Test" tests="3" failures="0" timestamp="2019-12-26T18:11:21 CET" time="27.585" errors="0">
  <testcase name="LoginIbulum" time="1.739" classname="TestAutoation.HomePage"/>
  <testcase name="LoginIbulum" time="0.991" classname="TestAutoation.HomePage"/>
  <testcase name="editCompanyInfo" time="2.576" classname="TestAutoation.ValidateEditCompanyInfo"/>
</testsuite> <!-- Test -->
