<?xml version="1.0" encoding="UTF-8"?>
<!-- Generated by org.testng.reporters.JUnitXMLReporter -->
<testsuite hostname="hp" ignored="0" name="Test" tests="3" failures="0" timestamp="26 Dec 2019 17:17:00 GMT" time="34.88" errors="0">
  <testcase name="LoginIbulum" time="2.679" classname="TestAutoation.HomePage"/>
  <testcase name="LoginIbulum" time="0.948" classname="TestAutoation.HomePage"/>
  <testcase name="editCompanyInfo" time="2.878" classname="TestAutoation.ValidateEditCompanyInfo"/>
</testsuite> <!-- Test -->
