<?xml version="1.0" encoding="UTF-8"?>
<testng-results skipped="0" failed="0" ignored="0" total="3" passed="3">
  <reporter-output>
  </reporter-output>
  <suite name="Suite" duration-ms="39976" started-at="2019-12-29T16:37:40 CET" finished-at="2019-12-29T16:38:19 CET">
    <groups>
    </groups>
    <test name="HomePage and loginpage validation" duration-ms="20609" started-at="2019-12-29T16:37:40 CET" finished-at="2019-12-29T16:38:00 CET">
      <class name="TestAutoation.HomePage">
        <test-method status="PASS" signature="initializer()[pri:0, instance:TestAutoation.HomePage@67205a84]" name="initializer" is-config="true" duration-ms="12799" started-at="2019-12-29T16:37:40 CET" finished-at="2019-12-29T16:37:52 CET">
          <reporter-output>
          </reporter-output>
        </test-method> <!-- initializer -->
        <test-method status="PASS" signature="LoginIbulum(java.lang.String, java.lang.String)[pri:0, instance:TestAutoation.HomePage@67205a84]" name="LoginIbulum" duration-ms="4526" started-at="2019-12-29T16:37:52 CET" data-provider="getData" finished-at="2019-12-29T16:37:57 CET">
          <params>
            <param index="0">
              <value>
                <![CDATA[joseph.shaya@shayasolions.se]]>
              </value>
            </param>
            <param index="1">
              <value>
                <![CDATA[foobar]]>
              </value>
            </param>
          </params>
          <reporter-output>
          </reporter-output>
        </test-method> <!-- LoginIbulum -->
        <test-method status="PASS" signature="LoginIbulum(java.lang.String, java.lang.String)[pri:0, instance:TestAutoation.HomePage@67205a84]" name="LoginIbulum" duration-ms="2647" started-at="2019-12-29T16:37:57 CET" data-provider="getData" finished-at="2019-12-29T16:38:00 CET">
          <params>
            <param index="0">
              <value>
                <![CDATA[joseph.shshayasolutions.se]]>
              </value>
            </param>
            <param index="1">
              <value>
                <![CDATA[fbar]]>
              </value>
            </param>
          </params>
          <reporter-output>
          </reporter-output>
        </test-method> <!-- LoginIbulum -->
        <test-method status="PASS" signature="closeBrowser()[pri:0, instance:TestAutoation.HomePage@67205a84]" name="closeBrowser" is-config="true" duration-ms="443" started-at="2019-12-29T16:38:00 CET" finished-at="2019-12-29T16:38:00 CET">
          <reporter-output>
          </reporter-output>
        </test-method> <!-- closeBrowser -->
      </class> <!-- TestAutoation.HomePage -->
    </test> <!-- HomePage and loginpage validation -->
    <test name="Edit company info" duration-ms="19077" started-at="2019-12-29T16:38:00 CET" finished-at="2019-12-29T16:38:19 CET">
      <class name="TestAutoation.ValidateEditCompanyInfo">
        <test-method status="PASS" signature="initializer()[pri:0, instance:TestAutoation.ValidateEditCompanyInfo@6acdbdf5]" name="initializer" is-config="true" duration-ms="11771" started-at="2019-12-29T16:38:00 CET" finished-at="2019-12-29T16:38:12 CET">
          <reporter-output>
          </reporter-output>
        </test-method> <!-- initializer -->
        <test-method status="PASS" signature="editCompanyInfo()[pri:0, instance:TestAutoation.ValidateEditCompanyInfo@6acdbdf5]" name="editCompanyInfo" duration-ms="6917" started-at="2019-12-29T16:38:12 CET" finished-at="2019-12-29T16:38:19 CET">
          <reporter-output>
          </reporter-output>
        </test-method> <!-- editCompanyInfo -->
        <test-method status="PASS" signature="closeBrowser()[pri:0, instance:TestAutoation.ValidateEditCompanyInfo@6acdbdf5]" name="closeBrowser" is-config="true" duration-ms="383" started-at="2019-12-29T16:38:19 CET" finished-at="2019-12-29T16:38:19 CET">
          <reporter-output>
          </reporter-output>
        </test-method> <!-- closeBrowser -->
      </class> <!-- TestAutoation.ValidateEditCompanyInfo -->
    </test> <!-- Edit company info -->
  </suite> <!-- Suite -->
</testng-results>
